{"date":"2023-03-22T15:56:33.047Z","level":"error","message":"User already exists","method":"POST","service":"user-service","url":"/register"}
{"date":"2023-03-22T15:57:25.325Z","level":"error","message":"Email not verified","method":"POST","service":"user-service","url":"/login"}
{"date":"2023-03-22T15:58:12.038Z","level":"error","message":"Permission denied, wrong credentials","method":"POST","service":"user-service","url":"/requestEmailToken"}
{"date":"2023-03-22T16:01:12.627Z","level":"error","message":"resetPasswordToken is not defined","method":"POST","service":"user-service","url":"/forgotPassword"}
{"date":"2023-03-22T16:01:38.147Z","level":"error","message":"Permission denied, wrong credentials","method":"POST","service":"user-service","url":"/forgotPassword"}
{"date":"2023-03-22T16:05:01.557Z","level":"error","message":"Invalid token","method":"PUT","service":"user-service","url":"/resetPassword"}
{"date":"2023-03-22T16:05:03.496Z","level":"error","message":"Invalid token","method":"PUT","service":"user-service","url":"/resetPassword"}
{"date":"2023-03-22T16:05:10.903Z","level":"error","message":"Permission denied, wrong credentials","method":"POST","service":"user-service","url":"/forgotPassword"}
{"date":"2023-03-22T16:05:24.258Z","level":"error","message":"New password can not be same as old password","method":"PUT","service":"user-service","url":"/resetPassword"}
{"date":"2023-05-24T15:07:28.162Z","level":"error","message":"Password must contain atleast one uppercase letter, one special character and one number","method":"POST","service":"user-service","url":"/register"}
{"date":"2023-05-24T15:07:56.576Z","level":"error","message":"user validation failed: lastname: Path `lastname` is required., title: Path `title` is required., middleName: Path `middleName` is required.","method":"POST","service":"user-service","url":"/register"}
{"date":"2023-05-24T15:08:18.993Z","level":"error","message":"user validation failed: lastname: Path `lastname` is required.","method":"POST","service":"user-service","url":"/register"}
{"date":"2023-05-24T15:08:39.489Z","level":"error","message":"user validation failed: lastname: Path `lastname` is required.","method":"POST","service":"user-service","url":"/register"}
{"date":"2023-05-24T15:08:50.625Z","level":"error","message":"user validation failed: lastname: Path `lastname` is required.","method":"POST","service":"user-service","url":"/register"}
{"date":"2023-05-24T15:09:09.286Z","level":"error","message":"user validation failed: lastname: Path `lastname` is required.","method":"POST","service":"user-service","url":"/register"}
{"date":"2023-05-24T15:10:47.678Z","level":"error","message":"Password must contain atleast one uppercase letter, one special character and one number","method":"POST","service":"user-service","url":"/register"}
{"date":"2023-05-24T15:11:39.333Z","level":"error","message":"Email not verified","method":"POST","service":"user-service","url":"/login"}
{"date":"2023-05-24T15:12:04.897Z","level":"error","message":"Email not verified","method":"POST","service":"user-service","url":"/login"}
{"date":"2023-05-24T15:12:23.223Z","level":"error","message":"Email not verified","method":"POST","service":"user-service","url":"/login"}
{"date":"2023-05-25T13:51:33.864Z","level":"error","message":"Password must contain atleast one uppercase letter, one special character and one number","method":"POST","service":"user-service","url":"/register"}
{"date":"2023-05-25T13:52:16.389Z","level":"error","message":"middleName is not defined","method":"POST","service":"user-service","url":"/register"}
{"date":"2023-05-25T13:52:58.695Z","level":"error","message":"user validation failed: role: `Zub@45678` is not a valid enum value for path `role`.","method":"POST","service":"user-service","url":"/register"}
{"date":"2023-05-25T14:24:27.766Z","level":"error","message":"User already exists","method":"POST","service":"user-service","url":"/register"}
{"date":"2023-05-25T14:29:50.028Z","level":"error","message":"User already exists","method":"POST","service":"user-service","url":"/register"}
{"date":"2023-05-25T14:30:39.490Z","level":"error","message":"User already exists","method":"POST","service":"user-service","url":"/register"}
{"date":"2023-05-25T14:33:14.157Z","level":"error","message":"User already exists","method":"POST","service":"user-service","url":"/register"}
{"date":"2023-05-25T14:39:47.138Z","level":"error","message":"User already exists","method":"POST","service":"user-service","url":"/register"}
{"date":"2023-05-25T14:41:05.476Z","level":"error","message":"Email not verified","method":"POST","service":"user-service","url":"/login"}
{"date":"2023-05-25T14:41:51.591Z","level":"error","message":"Email not verified","method":"POST","service":"user-service","url":"/login"}
{"date":"2023-05-25T14:44:06.797Z","level":"error","message":"Email not verified","method":"POST","service":"user-service","url":"/login"}
{"date":"2023-05-25T14:54:06.757Z","level":"error","message":"Email not verified","method":"POST","service":"user-service","url":"/login"}
{"date":"2023-06-10T09:01:01.079Z","level":"error","message":"Password must contain atleast one uppercase letter, one special character and one number","method":"POST","service":"user-service","url":"/register"}
{"date":"2023-06-10T09:01:01.623Z","level":"error","message":"User does not exist","method":"POST","service":"user-service","url":"/requestEmailToken"}
{"date":"2023-06-10T09:05:54.766Z","level":"error","message":"user validation failed: firstName: Path `firstName` is required., lastName: Path `lastName` is required., role: `Mustafa12@` is not a valid enum value for path `role`.","method":"POST","service":"user-service","url":"/register"}
{"date":"2023-06-10T09:05:55.163Z","level":"error","message":"User does not exist","method":"POST","service":"user-service","url":"/requestEmailToken"}
{"date":"2023-06-10T09:09:02.430Z","level":"error","message":"user validation failed: firstName: Path `firstName` is required., lastName: Path `lastName` is required.","method":"POST","service":"user-service","url":"/register"}
{"date":"2023-06-10T09:09:03.250Z","level":"error","message":"User does not exist","method":"POST","service":"user-service","url":"/requestEmailToken"}
{"date":"2023-06-10T09:13:18.210Z","level":"error","message":"user validation failed: firstName: Path `firstName` is required., lastName: Path `lastName` is required.","method":"POST","service":"user-service","url":"/register"}
{"date":"2023-06-10T09:13:18.632Z","level":"error","message":"User does not exist","method":"POST","service":"user-service","url":"/requestEmailToken"}
{"date":"2023-06-10T09:13:48.907Z","level":"error","message":"user validation failed: firstName: Path `firstName` is required., lastName: Path `lastName` is required.","method":"POST","service":"user-service","url":"/register"}
{"date":"2023-06-10T09:13:49.315Z","level":"error","message":"User does not exist","method":"POST","service":"user-service","url":"/requestEmailToken"}
{"date":"2023-06-10T09:15:55.055Z","level":"error","message":"user validation failed: firstName: Path `firstName` is required., lastName: Path `lastName` is required.","method":"POST","service":"user-service","url":"/register"}
{"date":"2023-06-10T09:15:55.391Z","level":"error","message":"User does not exist","method":"POST","service":"user-service","url":"/requestEmailToken"}
{"date":"2023-06-10T09:16:58.490Z","level":"error","message":"The provided authorization grant is invalid, expired, or revoked","method":"POST","service":"user-service","url":"/requestEmailToken"}
{"date":"2023-06-10T09:16:58.503Z","level":"error","message":"The provided authorization grant is invalid, expired, or revoked","method":"POST","service":"user-service","url":"/requestEmailToken"}
{"date":"2023-06-10T09:21:47.453Z","level":"error","message":"User already exists","method":"POST","service":"user-service","url":"/register"}
{"date":"2023-06-10T09:24:51.986Z","level":"error","message":"User already exists","method":"POST","service":"user-service","url":"/register"}
{"date":"2023-06-10T09:27:07.503Z","level":"error","message":"User already exists","method":"POST","service":"user-service","url":"/register"}
{"date":"2023-06-10T09:27:53.441Z","level":"error","message":"User already exists","method":"POST","service":"user-service","url":"/register"}
{"date":"2023-06-10T09:30:09.730Z","level":"error","message":"User already exists","method":"POST","service":"user-service","url":"/register"}
{"date":"2023-06-10T09:31:51.412Z","level":"error","message":"User already exists","method":"POST","service":"user-service","url":"/register"}
{"date":"2023-06-10T09:33:04.089Z","level":"error","message":"User already exists","method":"POST","service":"user-service","url":"/register"}
{"date":"2023-06-10T10:16:44.731Z","level":"error","message":"Password must contain atleast one uppercase letter, one special character and one number","method":"POST","service":"user-service","url":"/register"}
{"date":"2023-06-10T10:16:59.860Z","level":"error","message":"Password must contain atleast one uppercase letter, one special character and one number","method":"POST","service":"user-service","url":"/register"}
{"date":"2023-06-10T10:17:12.775Z","level":"error","message":"Password must contain atleast one uppercase letter, one special character and one number","method":"POST","service":"user-service","url":"/register"}
{"date":"2023-06-10T10:17:16.233Z","level":"error","message":"Password must contain atleast one uppercase letter, one special character and one number","method":"POST","service":"user-service","url":"/register"}
{"date":"2023-06-10T10:17:24.436Z","level":"error","message":"Password must contain atleast one uppercase letter, one special character and one number","method":"POST","service":"user-service","url":"/register"}
{"date":"2023-06-10T10:17:43.886Z","level":"error","message":"User already exists","method":"POST","service":"user-service","url":"/register"}
{"date":"2023-06-10T10:35:16.669Z","level":"error","message":"User already exists","method":"POST","service":"user-service","url":"/register"}
{"date":"2023-06-10T10:35:24.656Z","level":"error","message":"User already exists","method":"POST","service":"user-service","url":"/register"}
{"date":"2023-06-10T10:35:29.571Z","level":"error","message":"User already exists","method":"POST","service":"user-service","url":"/register"}
{"date":"2023-06-10T10:37:15.558Z","level":"error","message":"User already exists","method":"POST","service":"user-service","url":"/register"}
{"date":"2023-06-10T10:48:21.085Z","level":"error","message":"Invalid token","method":"POST","service":"user-service","url":"/verifyEmail"}
{"date":"2023-06-10T10:52:21.223Z","level":"error","message":"secretOrPrivateKey must have a value","method":"POST","service":"user-service","url":"/verifyEmail"}
{"date":"2023-06-10T11:52:24.255Z","level":"error","message":"Cast to string failed for value \"{ email: 'mustafaghouri22@gmail.com' }\" (type Object) at path \"email\" for model \"user\"","method":"PUT","service":"user-service","url":"/resetPassword"}
{"date":"2023-06-10T11:52:35.377Z","level":"error","message":"Cast to string failed for value \"{ email: 'mustafaghouri22@gmail.com' }\" (type Object) at path \"email\" for model \"user\"","method":"PUT","service":"user-service","url":"/resetPassword"}
{"date":"2023-06-10T11:53:10.901Z","level":"error","message":"Cast to string failed for value \"{ email: 'mustafaghouri22@gmail.com' }\" (type Object) at path \"email\" for model \"user\"","method":"PUT","service":"user-service","url":"/resetPassword"}
{"date":"2023-06-10T11:58:33.237Z","level":"error","message":"Invalid token","method":"PUT","service":"user-service","url":"/resetPassword"}
{"date":"2023-06-19T13:20:55.736Z","level":"error","message":"Password must contain atleast one uppercase letter, one special character and one number","method":"POST","service":"user-service","url":"/register"}
{"date":"2023-06-19T13:21:10.233Z","level":"error","message":"The provided authorization grant is invalid, expired, or revoked","method":"POST","service":"user-service","url":"/requestEmailToken"}
{"date":"2023-06-19T13:21:10.239Z","level":"error","message":"The provided authorization grant is invalid, expired, or revoked","method":"POST","service":"user-service","url":"/requestEmailToken"}
{"date":"2023-06-19T13:21:34.936Z","level":"error","message":"User already exists","method":"POST","service":"user-service","url":"/register"}
{"date":"2023-06-19T13:22:16.516Z","level":"error","message":"Email not verified","method":"POST","service":"user-service","url":"/login"}
{"date":"2023-06-19T13:23:13.781Z","level":"error","message":"User already exists","method":"POST","service":"user-service","url":"/register"}
{"date":"2023-06-19T13:24:44.566Z","level":"error","message":"The provided authorization grant is invalid, expired, or revoked","method":"POST","service":"user-service","url":"/requestEmailToken"}
{"date":"2023-06-19T13:24:44.609Z","level":"error","message":"The provided authorization grant is invalid, expired, or revoked","method":"POST","service":"user-service","url":"/requestEmailToken"}
{"date":"2023-06-19T13:25:07.159Z","level":"error","message":"Email not verified","method":"POST","service":"user-service","url":"/login"}
{"date":"2023-06-19T13:30:55.291Z","level":"error","message":"The provided authorization grant is invalid, expired, or revoked","method":"POST","service":"user-service","url":"/requestEmailToken"}
{"date":"2023-06-19T13:30:55.512Z","level":"error","message":"The provided authorization grant is invalid, expired, or revoked","method":"POST","service":"user-service","url":"/requestEmailToken"}
{"date":"2023-06-19T13:47:52.280Z","level":"error","message":"The provided authorization grant is invalid, expired, or revoked","method":"POST","service":"user-service","url":"/requestEmailToken"}
{"date":"2023-06-19T13:47:52.316Z","level":"error","message":"The provided authorization grant is invalid, expired, or revoked","method":"POST","service":"user-service","url":"/requestEmailToken"}
{"date":"2023-06-19T13:50:02.936Z","level":"error","message":"User already exists","method":"POST","service":"user-service","url":"/register"}
{"date":"2023-06-19T13:50:43.199Z","level":"error","message":"The provided authorization grant is invalid, expired, or revoked","method":"POST","service":"user-service","url":"/requestEmailToken"}
{"date":"2023-06-19T13:50:43.223Z","level":"error","message":"The provided authorization grant is invalid, expired, or revoked","method":"POST","service":"user-service","url":"/requestEmailToken"}
{"date":"2023-06-19T13:55:21.556Z","level":"error","message":"The provided authorization grant is invalid, expired, or revoked","method":"POST","service":"user-service","url":"/requestEmailToken"}
{"date":"2023-06-19T13:55:21.879Z","level":"error","message":"The provided authorization grant is invalid, expired, or revoked","method":"POST","service":"user-service","url":"/requestEmailToken"}
{"date":"2023-06-19T14:08:29.194Z","level":"error","message":"project validation failed: fundingGoal: Cast to Number failed for value \"1000,000\" (type string) at path \"fundingGoal\", rewards: Cast to embedded failed for value \"as\" (type string) at path \"rewards\" because of \"ObjectParameterError\"","method":"POST","service":"user-service","url":"/create"}
{"date":"2023-06-19T14:11:46.184Z","level":"error","message":"The provided authorization grant is invalid, expired, or revoked","method":"POST","service":"user-service","url":"/requestEmailToken"}
{"date":"2023-06-19T14:11:46.187Z","level":"error","message":"The provided authorization grant is invalid, expired, or revoked","method":"POST","service":"user-service","url":"/requestEmailToken"}
{"date":"2023-06-19T14:14:07.067Z","level":"error","message":"project validation failed: fundingGoal: Cast to Number failed for value \"1000,000\" (type string) at path \"fundingGoal\", rewards: Cast to embedded failed for value \"klsljflfo\" (type string) at path \"rewards\" because of \"ObjectParameterError\"","method":"POST","service":"user-service","url":"/create"}
{"date":"2023-06-19T14:19:36.199Z","level":"error","message":"project validation failed: fundingGoal: Cast to Number failed for value \"1000,000\" (type string) at path \"fundingGoal\", rewards: Cast to embedded failed for value \"klsljflfo\" (type string) at path \"rewards\" because of \"ObjectParameterError\"","method":"POST","service":"user-service","url":"/create"}
{"date":"2023-06-19T14:21:49.064Z","level":"error","message":"project validation failed: fundingGoal: Cast to Number failed for value \"1000,000\" (type string) at path \"fundingGoal\", rewards: Cast to embedded failed for value \"klsljflfo\" (type string) at path \"rewards\" because of \"ObjectParameterError\"","method":"POST","service":"user-service","url":"/create"}
{"date":"2023-06-19T14:23:44.460Z","level":"error","message":"project validation failed: fundingGoal: Cast to Number failed for value \"1000,000\" (type string) at path \"fundingGoal\", rewards: Cast to embedded failed for value \"klsljflfo\" (type string) at path \"rewards\" because of \"ObjectParameterError\"","method":"POST","service":"user-service","url":"/create"}
{"date":"2023-06-19T14:26:00.310Z","level":"error","message":"project validation failed: rewards: Cast to embedded failed for value \"klsljflfo\" (type string) at path \"rewards\" because of \"ObjectParameterError\"","method":"POST","service":"user-service","url":"/create"}
{"date":"2023-06-19T14:30:27.911Z","level":"error","message":"project validation failed: rewards: Cast to embedded failed for value \"klsljflfo \" (type string) at path \"rewards\" because of \"ObjectParameterError\"","method":"POST","service":"user-service","url":"/create"}
{"date":"2023-06-19T14:40:21.744Z","level":"error","message":"project validation failed: rewards: Cast to embedded failed for value \"1000\" (type string) at path \"rewards\" because of \"ObjectParameterError\"","method":"POST","service":"user-service","url":"/create"}
{"date":"2023-06-19T15:01:08.746Z","level":"error","message":"project validation failed: rewards: Cast to embedded failed for value \"1000\" (type number) at path \"rewards\" because of \"ObjectParameterError\"","method":"POST","service":"user-service","url":"/create"}
{"date":"2023-06-19T15:02:14.966Z","level":"error","message":"project validation failed: rewards: Cast to embedded failed for value \"1000\" (type number) at path \"rewards\" because of \"ObjectParameterError\"","method":"POST","service":"user-service","url":"/create"}
{"date":"2023-06-21T08:36:54.062Z","level":"error","message":"User already exists","method":"POST","service":"user-service","url":"/register"}
{"date":"2023-06-21T08:37:35.739Z","level":"error","message":"The provided authorization grant is invalid, expired, or revoked","method":"POST","service":"user-service","url":"/requestEmailToken"}
{"date":"2023-06-21T08:37:35.746Z","level":"error","message":"The provided authorization grant is invalid, expired, or revoked","method":"POST","service":"user-service","url":"/requestEmailToken"}
{"date":"2023-06-21T08:42:14.332Z","level":"error","message":"project validation failed: rewards: Cast to embedded failed for value \"1000\" (type string) at path \"rewards\" because of \"ObjectParameterError\", imageUrl: Path `imageUrl` is required.","method":"POST","service":"user-service","url":"/create"}
{"date":"2023-06-21T08:47:08.472Z","level":"error","message":"project validation failed: rewards: Cast to embedded failed for value \"\"1000\"\" (type string) at path \"rewards\" because of \"ObjectParameterError\", imageUrl: Path `imageUrl` is required.","method":"POST","service":"user-service","url":"/create"}
{"date":"2023-06-21T08:49:12.268Z","level":"error","message":"project validation failed: rewards: Cast to embedded failed for value \"\"1000\"\" (type string) at path \"rewards\" because of \"ObjectParameterError\", imageUrl: Path `imageUrl` is required.","method":"POST","service":"user-service","url":"/create"}
{"date":"2023-06-21T08:50:56.742Z","level":"error","message":"project validation failed: rewards: Cast to embedded failed for value \"[\"1000\",\"asdafff\",\"2023-06-29\"]\" (type string) at path \"rewards\" because of \"ObjectParameterError\"","method":"POST","service":"user-service","url":"/create"}
{"date":"2023-06-21T08:57:13.658Z","level":"error","message":"project validation failed: rewards: Cast to embedded failed for value \"1000\" (type string) at path \"rewards\" because of \"ObjectParameterError\"","method":"POST","service":"user-service","url":"/create"}
{"date":"2023-06-21T09:01:45.455Z","level":"error","message":"project validation failed: rewards.0.deliveryDate: Path `deliveryDate` is required., rewards.0.desc: Path `desc` is required., rewards.1.deliveryDate: Path `deliveryDate` is required., rewards.1.minCotribution: Path `minCotribution` is required., rewards.2.desc: Path `desc` is required., rewards.2.minCotribution: Path `minCotribution` is required.","method":"POST","service":"user-service","url":"/create"}
{"date":"2023-06-21T09:04:00.047Z","level":"error","message":"project validation failed: rewards.0.deliveryDate: Path `deliveryDate` is required., rewards.0.desc: Path `desc` is required., rewards.1.deliveryDate: Path `deliveryDate` is required., rewards.1.minCotribution: Path `minCotribution` is required., rewards.2.desc: Path `desc` is required., rewards.2.minCotribution: Path `minCotribution` is required.","method":"POST","service":"user-service","url":"/create"}
{"date":"2023-06-21T09:04:34.196Z","level":"error","message":"project validation failed: rewards: Cast to embedded failed for value \"1000\" (type string) at path \"rewards\" because of \"ObjectParameterError\"","method":"POST","service":"user-service","url":"/create"}
{"date":"2023-06-21T09:07:48.338Z","level":"error","message":"project validation failed: rewards: Cast to embedded failed for value \"1000\" (type string) at path \"rewards\" because of \"ObjectParameterError\"","method":"POST","service":"user-service","url":"/create"}
{"date":"2023-06-21T09:09:45.744Z","level":"error","message":"project validation failed: rewards.0.deliveryDate: Path `deliveryDate` is required., rewards.0.desc: Path `desc` is required., rewards.1.deliveryDate: Path `deliveryDate` is required., rewards.1.minCotribution: Path `minCotribution` is required., rewards.2.desc: Path `desc` is required., rewards.2.minCotribution: Path `minCotribution` is required.","method":"POST","service":"user-service","url":"/create"}
{"date":"2023-06-21T09:13:07.934Z","level":"error","message":"project validation failed: rewards.0.deliveryDate: Path `deliveryDate` is required., rewards.0.desc: Path `desc` is required., rewards.1.deliveryDate: Path `deliveryDate` is required., rewards.1.minCotribution: Path `minCotribution` is required., rewards.2.desc: Path `desc` is required., rewards.2.minCotribution: Path `minCotribution` is required.","method":"POST","service":"user-service","url":"/create"}
{"date":"2023-06-21T09:17:48.268Z","level":"error","message":"project validation failed: rewards.0.deliveryDate: Path `deliveryDate` is required., rewards.0.desc: Path `desc` is required., rewards.0.minCotribution: Path `minCotribution` is required.","method":"POST","service":"user-service","url":"/create"}
{"date":"2023-06-21T09:18:58.931Z","level":"error","message":"project validation failed: rewards.0.deliveryDate: Path `deliveryDate` is required., rewards.0.desc: Path `desc` is required., rewards.0.minCotribution: Path `minCotribution` is required.","method":"POST","service":"user-service","url":"/create"}
{"date":"2023-06-21T10:15:56.403Z","level":"error","message":"project validation failed: title: Path `title` is required., shortDesc: Path `shortDesc` is required., detailedDesc: Path `detailedDesc` is required., projectCategory: Path `projectCategory` is required., rewards.0.deliveryDate: Path `deliveryDate` is required., rewards.0.desc: Path `desc` is required., rewards.0.minCotribution: Path `minCotribution` is required.","method":"POST","service":"user-service","url":"/create"}
{"date":"2023-06-21T10:17:53.594Z","level":"error","message":"project validation failed: title: Path `title` is required., shortDesc: Path `shortDesc` is required., detailedDesc: Path `detailedDesc` is required., projectCategory: Path `projectCategory` is required., rewards.0.minCotribution: Path `minCotribution` is required., rewards.0.desc: Path `desc` is required., rewards.0.deliveryDate: Path `deliveryDate` is required.","method":"POST","service":"user-service","url":"/create"}
{"date":"2023-06-21T10:20:27.027Z","level":"error","message":"project validation failed: title: Path `title` is required., shortDesc: Path `shortDesc` is required., detailedDesc: Path `detailedDesc` is required., projectCategory: Path `projectCategory` is required., rewards.0.minCotribution: Path `minCotribution` is required., rewards.0.desc: Path `desc` is required., rewards.0.deliveryDate: Path `deliveryDate` is required.","method":"POST","service":"user-service","url":"/create"}
{"date":"2023-06-21T10:20:39.729Z","level":"error","message":"project validation failed: title: Path `title` is required., shortDesc: Path `shortDesc` is required., detailedDesc: Path `detailedDesc` is required., projectCategory: Path `projectCategory` is required., rewards.0.minCotribution: Path `minCotribution` is required., rewards.0.desc: Path `desc` is required., rewards.0.deliveryDate: Path `deliveryDate` is required.","method":"POST","service":"user-service","url":"/create"}
{"date":"2023-06-21T10:21:54.707Z","level":"error","message":"project validation failed: title: Path `title` is required., shortDesc: Path `shortDesc` is required., detailedDesc: Path `detailedDesc` is required., projectCategory: Path `projectCategory` is required., rewards.0.minCotribution: Path `minCotribution` is required., rewards.0.desc: Path `desc` is required., rewards.0.deliveryDate: Path `deliveryDate` is required.","method":"POST","service":"user-service","url":"/create"}
{"date":"2023-06-21T10:24:47.253Z","level":"error","message":"project validation failed: title: Path `title` is required., shortDesc: Path `shortDesc` is required., detailedDesc: Path `detailedDesc` is required., projectCategory: Path `projectCategory` is required., rewards.0.minCotribution: Path `minCotribution` is required., rewards.0.desc: Path `desc` is required., rewards.0.deliveryDate: Path `deliveryDate` is required.","method":"POST","service":"user-service","url":"/create"}
{"date":"2023-06-21T10:26:54.131Z","level":"error","message":"project validation failed: title: Path `title` is required., shortDesc: Path `shortDesc` is required., detailedDesc: Path `detailedDesc` is required., projectCategory: Path `projectCategory` is required., rewards.0.minCotribution: Path `minCotribution` is required., rewards.0.desc: Path `desc` is required., rewards.0.deliveryDate: Path `deliveryDate` is required.","method":"POST","service":"user-service","url":"/create"}
{"date":"2023-06-21T10:27:35.962Z","level":"error","message":"project validation failed: title: Path `title` is required., shortDesc: Path `shortDesc` is required., detailedDesc: Path `detailedDesc` is required., projectCategory: Path `projectCategory` is required., rewards.0.minCotribution: Path `minCotribution` is required., rewards.0.desc: Path `desc` is required., rewards.0.deliveryDate: Path `deliveryDate` is required.","method":"POST","service":"user-service","url":"/create"}
{"date":"2023-06-21T10:28:08.267Z","level":"error","message":"project validation failed: title: Path `title` is required., shortDesc: Path `shortDesc` is required., detailedDesc: Path `detailedDesc` is required., projectCategory: Path `projectCategory` is required., rewards.0.minCotribution: Path `minCotribution` is required., rewards.0.desc: Path `desc` is required., rewards.0.deliveryDate: Path `deliveryDate` is required.","method":"POST","service":"user-service","url":"/create"}
{"date":"2023-06-21T11:42:06.839Z","level":"error","message":"project validation failed: projectCategory: Path `projectCategory` is required.","method":"POST","service":"user-service","url":"/create"}
{"date":"2023-06-21T11:42:30.922Z","level":"error","message":"project validation failed: rewards.0.deliveryDate: Path `deliveryDate` is required., rewards.0.desc: Path `desc` is required., rewards.0.minCotribution: Path `minCotribution` is required.","method":"POST","service":"user-service","url":"/create"}
{"date":"2023-06-21T12:45:55.869Z","level":"error","message":"project validation failed: rewards.0.deliveryDate: Path `deliveryDate` is required., rewards.0.desc: Path `desc` is required., rewards.0.minCotribution: Path `minCotribution` is required.","method":"POST","service":"user-service","url":"/create"}
{"date":"2023-06-21T13:49:20.806Z","level":"error","message":"project validation failed: rewards.0.deliveryDate: Path `deliveryDate` is required., rewards.0.desc: Path `desc` is required., rewards.0.minCotribution: Path `minCotribution` is required.","method":"POST","service":"user-service","url":"/create"}
{"date":"2023-06-21T14:11:40.181Z","level":"error","message":"project validation failed: rewards.0.deliveryDate: Path `deliveryDate` is required., rewards.0.desc: Path `desc` is required., rewards.0.minCotribution: Path `minCotribution` is required.","method":"POST","service":"user-service","url":"/create"}
{"date":"2023-06-21T14:26:16.613Z","level":"error","message":"Cannot populate path `user` because it is not in your schema. Set the `strictPopulate` option to false to override.","method":"POST","service":"user-service","url":"/getAll"}
{"date":"2023-06-21T14:26:16.624Z","level":"error","message":"Cannot populate path `user` because it is not in your schema. Set the `strictPopulate` option to false to override.","method":"POST","service":"user-service","url":"/getAll"}
{"date":"2023-06-21T14:31:18.687Z","level":"error","message":"Cannot populate path `user` because it is not in your schema. Set the `strictPopulate` option to false to override.","method":"POST","service":"user-service","url":"/getAll"}
{"date":"2023-06-21T14:31:21.644Z","level":"error","message":"Cannot populate path `user` because it is not in your schema. Set the `strictPopulate` option to false to override.","method":"POST","service":"user-service","url":"/getAll"}
{"date":"2023-06-21T14:31:31.994Z","level":"error","message":"Cannot populate path `user` because it is not in your schema. Set the `strictPopulate` option to false to override.","method":"POST","service":"user-service","url":"/getAll"}
{"date":"2023-06-21T14:31:32.010Z","level":"error","message":"Cannot populate path `user` because it is not in your schema. Set the `strictPopulate` option to false to override.","method":"POST","service":"user-service","url":"/getAll"}
{"date":"2023-06-26T14:33:12.448Z","level":"error","message":"User does not exist","service":"user-service"}
{"date":"2023-06-26T14:33:12.451Z","level":"error","message":"Invalid status code: IncomingMessage {\n  _readableState: [ReadableState],\n  _events: [Object: null prototype],\n  _eventsCount: 1,\n  _maxListeners: undefined,\n  socket: [Socket],\n  httpVersionMajor: 1,\n  httpVersionMinor: 1,\n  httpVersion: '1.1',\n  complete: true,\n  rawHeaders: [Array],\n  rawTrailers: [],\n  aborted: false,\n  upgrade: false,\n  url: '/login',\n  method: 'POST',\n  statusCode: null,\n  statusMessage: null,\n  client: [Socket],\n  _consuming: true,\n  _dumped: false,\n  next: [Function: next],\n  baseUrl: '/auth',\n  originalUrl: '/auth/login',\n  _parsedUrl: [Url],\n  params: {},\n  query: {},\n  res: [ServerResponse],\n  body: [Object],\n  _body: true,\n  length: undefined,\n  route: [Route],\n  [Symbol(kCapture)]: false,\n  [Symbol(kHeaders)]: [Object],\n  [Symbol(kHeadersCount)]: 20,\n  [Symbol(kTrailers)]: null,\n  [Symbol(kTrailersCount)]: 0,\n  [Symbol(RequestTimeout)]: undefined\n}","method":"POST","service":"user-service","url":"/login"}
{"date":"2023-06-26T15:09:16.198Z","level":"error","message":"Cannot populate path `user` because it is not in your schema. Set the `strictPopulate` option to false to override.","method":"POST","service":"user-service","url":"/getMine"}
{"date":"2023-06-26T15:09:16.223Z","level":"error","message":"Cannot populate path `user` because it is not in your schema. Set the `strictPopulate` option to false to override.","method":"POST","service":"user-service","url":"/getMine"}
{"date":"2023-07-10T19:46:02.376Z","level":"error","message":"Invalid credentials","method":"POST","service":"user-service","url":"/login"}
{"date":"2023-07-22T08:24:53.363Z","level":"error","message":"Error updating profile","method":"PUT","service":"user-service","url":"/updateCreatorProfile"}
{"date":"2023-07-22T08:25:35.010Z","level":"error","message":"Error updating profile","method":"PUT","service":"user-service","url":"/updateCreatorProfile"}
{"date":"2023-07-22T09:08:51.036Z","level":"error","message":"investment validation failed: currency: Cast to Number failed for value \"USD\" (type string) at path \"currency\", equityBought: Cast to Number failed for value \"NaN\" (type number) at path \"equityBought\"","method":"POST","service":"user-service","url":"/invest"}
{"date":"2023-07-22T09:10:29.730Z","level":"error","message":"investment validation failed: equityBought: Cast to Number failed for value \"NaN\" (type number) at path \"equityBought\"","method":"POST","service":"user-service","url":"/invest"}
{"date":"2023-07-22T09:12:11.560Z","level":"error","message":"investment validation failed: equityBought: Cast to Number failed for value \"NaN\" (type number) at path \"equityBought\"","method":"POST","service":"user-service","url":"/invest"}
{"date":"2023-07-22T09:13:38.500Z","level":"error","message":"investment validation failed: equityBought: Cast to Number failed for value \"NaN\" (type number) at path \"equityBought\"","method":"POST","service":"user-service","url":"/invest"}
{"date":"2023-07-22T09:15:19.786Z","level":"error","message":"project validation failed: equity: Cast to Number failed for value \"NaN\" (type number) at path \"equity\", availableEquity: Cast to Number failed for value \"NaN\" (type number) at path \"availableEquity\"","method":"POST","service":"user-service","url":"/create"}
{"date":"2023-07-22T09:17:42.942Z","level":"error","message":"project validation failed: equity: Cast to Number failed for value \"NaN\" (type number) at path \"equity\", availableEquity: Cast to Number failed for value \"NaN\" (type number) at path \"availableEquity\"","method":"POST","service":"user-service","url":"/create"}
{"date":"2023-07-22T09:25:06.391Z","level":"error","message":"project validation failed: equity: Cast to Number failed for value \"NaN\" (type number) at path \"equity\", availableEquity: Cast to Number failed for value \"NaN\" (type number) at path \"availableEquity\"","method":"POST","service":"user-service","url":"/create"}
{"date":"2023-07-22T09:33:49.208Z","level":"error","message":"project validation failed: equity: Cast to Number failed for value \"NaN\" (type number) at path \"equity\", availableEquity: Cast to Number failed for value \"NaN\" (type number) at path \"availableEquity\", rewards.0.deliveryDate: Path `deliveryDate` is required.","method":"POST","service":"user-service","url":"/create"}
{"date":"2023-07-22T09:37:20.489Z","level":"error","message":"project validation failed: equity: Cast to Number failed for value \"NaN\" (type number) at path \"equity\", availableEquity: Cast to Number failed for value \"NaN\" (type number) at path \"availableEquity\"","method":"POST","service":"user-service","url":"/create"}
{"date":"2023-07-22T09:39:48.250Z","level":"error","message":"project validation failed: equity: Cast to Number failed for value \"NaN\" (type number) at path \"equity\", availableEquity: Cast to Number failed for value \"NaN\" (type number) at path \"availableEquity\"","method":"POST","service":"user-service","url":"/create"}
{"date":"2023-07-22T09:40:49.854Z","level":"error","message":"project validation failed: equity: Cast to Number failed for value \"NaN\" (type number) at path \"equity\", availableEquity: Cast to Number failed for value \"NaN\" (type number) at path \"availableEquity\"","method":"POST","service":"user-service","url":"/create"}
{"date":"2023-07-22T09:41:49.776Z","level":"error","message":"project validation failed: equity: Cast to Number failed for value \"NaN\" (type number) at path \"equity\", availableEquity: Cast to Number failed for value \"NaN\" (type number) at path \"availableEquity\"","method":"POST","service":"user-service","url":"/create"}
{"date":"2023-07-22T09:42:46.336Z","level":"error","message":"project validation failed: equity: Cast to Number failed for value \"NaN\" (type number) at path \"equity\", availableEquity: Cast to Number failed for value \"NaN\" (type number) at path \"availableEquity\"","method":"POST","service":"user-service","url":"/create"}
{"date":"2023-07-22T09:45:55.679Z","level":"error","message":"project validation failed: equity: Cast to Number failed for value \"NaN\" (type number) at path \"equity\", availableEquity: Cast to Number failed for value \"NaN\" (type number) at path \"availableEquity\"","method":"POST","service":"user-service","url":"/create"}
{"date":"2023-07-22T09:51:07.927Z","level":"error","message":"project validation failed: equity: Cast to Number failed for value \"NaN\" (type number) at path \"equity\", availableEquity: Cast to Number failed for value \"NaN\" (type number) at path \"availableEquity\"","method":"POST","service":"user-service","url":"/create"}
{"date":"2023-07-22T09:52:51.203Z","level":"error","message":"project validation failed: equity: Cast to Number failed for value \"NaN\" (type number) at path \"equity\", availableEquity: Cast to Number failed for value \"NaN\" (type number) at path \"availableEquity\"","method":"POST","service":"user-service","url":"/create"}
{"date":"2023-07-22T09:58:00.517Z","level":"error","message":"project validation failed: equity: Cast to Number failed for value \"NaN\" (type number) at path \"equity\", availableEquity: Cast to Number failed for value \"NaN\" (type number) at path \"availableEquity\"","method":"POST","service":"user-service","url":"/create"}
{"date":"2023-07-22T09:59:55.978Z","level":"error","message":"project validation failed: equity: Cast to Number failed for value \"NaN\" (type number) at path \"equity\", availableEquity: Cast to Number failed for value \"NaN\" (type number) at path \"availableEquity\"","method":"POST","service":"user-service","url":"/create"}
{"date":"2023-07-22T10:00:00.429Z","level":"error","message":"project validation failed: equity: Cast to Number failed for value \"NaN\" (type number) at path \"equity\", availableEquity: Cast to Number failed for value \"NaN\" (type number) at path \"availableEquity\"","method":"POST","service":"user-service","url":"/create"}
{"date":"2023-07-22T10:05:28.816Z","level":"error","message":"Equity must be between 10% and 90%","method":"POST","service":"user-service","url":"/create"}
{"date":"2023-07-22T10:06:04.012Z","level":"error","message":"Equity must be between 10% and 90%","method":"POST","service":"user-service","url":"/create"}
{"date":"2023-07-22T10:06:17.395Z","level":"error","message":"Equity must be between 10% and 90%","method":"POST","service":"user-service","url":"/create"}
{"date":"2023-07-22T10:07:24.644Z","level":"error","message":"Equity must be between 10% and 90%","method":"POST","service":"user-service","url":"/create"}
{"date":"2023-07-22T11:01:53.135Z","level":"error","message":"investment validation failed: equityBought: Cast to Number failed for value \"NaN\" (type number) at path \"equityBought\"","method":"POST","service":"user-service","url":"/invest"}
{"date":"2023-07-22T11:09:57.357Z","level":"error","message":"Amount must be no more than $999,999.99","method":"POST","service":"user-service","url":"/invest"}
{"date":"2023-08-07T09:29:57.661Z","level":"error","message":"Password must contain atleast one uppercase letter, one special character and one number","method":"POST","service":"user-service","url":"/register"}
{"date":"2023-08-07T09:30:42.718Z","level":"error","message":"The provided authorization grant is invalid, expired, or revoked","method":"POST","service":"user-service","url":"/requestEmailToken"}
{"date":"2023-08-07T09:30:42.736Z","level":"error","message":"The provided authorization grant is invalid, expired, or revoked","method":"POST","service":"user-service","url":"/requestEmailToken"}
{"date":"2023-08-07T09:31:43.151Z","level":"error","message":"User already exists","method":"POST","service":"user-service","url":"/register"}
{"date":"2023-08-07T09:32:53.341Z","level":"error","message":"Email not verified","method":"POST","service":"user-service","url":"/login"}
{"date":"2023-08-07T09:33:44.264Z","level":"error","message":"The provided authorization grant is invalid, expired, or revoked","method":"POST","service":"user-service","url":"/requestEmailToken"}
{"date":"2023-08-07T09:33:44.278Z","level":"error","message":"The provided authorization grant is invalid, expired, or revoked","method":"POST","service":"user-service","url":"/requestEmailToken"}
{"date":"2023-08-07T09:37:56.242Z","level":"error","message":"Invalid credentials","method":"POST","service":"user-service","url":"/login"}
{"date":"2023-08-07T09:38:16.617Z","level":"error","message":"Invalid credentials","method":"POST","service":"user-service","url":"/login"}
{"date":"2023-08-07T09:39:34.046Z","level":"error","message":"Invalid credentials","method":"POST","service":"user-service","url":"/login"}
{"date":"2023-08-07T09:55:03.863Z","level":"error","message":"No profile found. Complete your profile!","method":"GET","service":"user-service","url":"/"}
{"date":"2023-08-07T09:55:03.982Z","level":"error","message":"No profile found. Complete your profile!","method":"GET","service":"user-service","url":"/"}
{"date":"2023-08-07T12:42:20.007Z","level":"error","message":"The provided authorization grant is invalid, expired, or revoked","method":"POST","service":"user-service","url":"/requestEmailToken"}
{"date":"2023-08-07T12:42:20.020Z","level":"error","message":"The provided authorization grant is invalid, expired, or revoked","method":"POST","service":"user-service","url":"/requestEmailToken"}
<<<<<<< Updated upstream
{"date":"2023-08-12T09:50:26.337Z","level":"error","message":"Invalid $project :: caused by :: Unrecognized parameter to $map: addFields","method":"GET","service":"user-service","url":"/transactions"}
{"date":"2023-08-12T09:50:26.815Z","level":"error","message":"Invalid $project :: caused by :: Unrecognized parameter to $map: addFields","method":"GET","service":"user-service","url":"/transactions"}
{"date":"2023-08-12T09:50:27.240Z","level":"error","message":"Invalid $project :: caused by :: Unrecognized parameter to $map: addFields","method":"GET","service":"user-service","url":"/transactions"}
{"date":"2023-08-12T09:50:27.660Z","level":"error","message":"Invalid $project :: caused by :: Unrecognized parameter to $map: addFields","method":"GET","service":"user-service","url":"/transactions"}
{"date":"2023-08-12T09:50:43.772Z","level":"error","message":"Invalid $project :: caused by :: Unrecognized parameter to $map: addFields","method":"GET","service":"user-service","url":"/transactions"}
{"date":"2023-08-12T09:50:44.193Z","level":"error","message":"Invalid $project :: caused by :: Unrecognized parameter to $map: addFields","method":"GET","service":"user-service","url":"/transactions"}
{"date":"2023-08-12T09:50:44.623Z","level":"error","message":"Invalid $project :: caused by :: Unrecognized parameter to $map: addFields","method":"GET","service":"user-service","url":"/transactions"}
{"date":"2023-08-12T09:50:45.057Z","level":"error","message":"Invalid $project :: caused by :: Unrecognized parameter to $map: addFields","method":"GET","service":"user-service","url":"/transactions"}
{"date":"2023-08-12T09:54:23.390Z","level":"error","message":"Invalid $project :: caused by :: Unrecognized parameter to $map: $addFields","method":"GET","service":"user-service","url":"/transactions"}
{"date":"2023-08-12T09:54:23.893Z","level":"error","message":"Invalid $project :: caused by :: Unrecognized parameter to $map: $addFields","method":"GET","service":"user-service","url":"/transactions"}
{"date":"2023-08-12T09:54:24.402Z","level":"error","message":"Invalid $project :: caused by :: Unrecognized parameter to $map: $addFields","method":"GET","service":"user-service","url":"/transactions"}
{"date":"2023-08-12T09:54:24.906Z","level":"error","message":"Invalid $project :: caused by :: Unrecognized parameter to $map: $addFields","method":"GET","service":"user-service","url":"/transactions"}
{"date":"2023-08-12T10:03:29.266Z","level":"error","message":"Invalid $project :: caused by :: Missing 'in' parameter to $map","method":"GET","service":"user-service","url":"/transactions"}
{"date":"2023-08-12T10:03:29.680Z","level":"error","message":"Invalid $project :: caused by :: Missing 'in' parameter to $map","method":"GET","service":"user-service","url":"/transactions"}
{"date":"2023-08-12T10:03:30.091Z","level":"error","message":"Invalid $project :: caused by :: Missing 'in' parameter to $map","method":"GET","service":"user-service","url":"/transactions"}
{"date":"2023-08-12T10:03:30.499Z","level":"error","message":"Invalid $project :: caused by :: Missing 'in' parameter to $map","method":"GET","service":"user-service","url":"/transactions"}
{"date":"2023-08-12T10:04:37.820Z","level":"error","message":"Cannot access 'creatorProfile' before initialization","method":"GET","service":"user-service","url":"/releaseFunds/64c27f945246ff3e97005fb6"}
{"date":"2023-08-12T10:04:38.916Z","level":"error","message":"Invalid $project :: caused by :: Missing 'in' parameter to $map","method":"GET","service":"user-service","url":"/transactions"}
{"date":"2023-08-12T10:04:39.322Z","level":"error","message":"Invalid $project :: caused by :: Missing 'in' parameter to $map","method":"GET","service":"user-service","url":"/transactions"}
{"date":"2023-08-12T10:04:39.733Z","level":"error","message":"Invalid $project :: caused by :: Missing 'in' parameter to $map","method":"GET","service":"user-service","url":"/transactions"}
{"date":"2023-08-12T10:04:40.143Z","level":"error","message":"Invalid $project :: caused by :: Missing 'in' parameter to $map","method":"GET","service":"user-service","url":"/transactions"}
{"date":"2023-08-12T10:04:52.216Z","level":"error","message":"Cannot access 'creatorProfile' before initialization","method":"GET","service":"user-service","url":"/releaseFunds/64d2298299f4e9ddeaaa0cd2"}
{"date":"2023-08-12T10:05:18.070Z","level":"error","message":"Cannot access 'creatorProfile' before initialization","method":"GET","service":"user-service","url":"/releaseFunds/64d4de253e6622226696e6c7"}
{"date":"2023-08-12T10:06:03.687Z","level":"error","message":"Cannot access 'creatorProfile' before initialization","method":"GET","service":"user-service","url":"/releaseFunds/64d4de253e6622226696e6c7"}
{"date":"2023-08-12T10:06:58.439Z","level":"error","message":"Received unknown parameter: metaData","method":"GET","service":"user-service","url":"/releaseFunds/64d4de253e6622226696e6c7"}
{"date":"2023-08-12T10:07:56.051Z","level":"error","message":"Invalid string: {:iban=>\"004\"}","method":"GET","service":"user-service","url":"/releaseFunds/64d4de253e6622226696e6c7"}
{"date":"2023-08-12T10:17:31.423Z","level":"error","message":"icon is not defined","method":"POST","service":"user-service","url":"/webDetails/addUpdate"}
{"date":"2023-08-12T10:18:05.015Z","level":"error","message":"icon is not defined","method":"POST","service":"user-service","url":"/webDetails/addUpdate"}
{"date":"2023-08-12T10:18:40.914Z","level":"error","message":"icon is not defined","method":"POST","service":"user-service","url":"/webDetails/addUpdate"}
{"date":"2023-08-12T10:19:22.759Z","level":"error","message":"icon is not defined","method":"POST","service":"user-service","url":"/webDetails/addUpdate"}
{"date":"2023-08-12T10:37:14.953Z","level":"error","message":"Invalid credentials","method":"POST","service":"user-service","url":"/login"}
{"date":"2023-08-12T10:39:57.341Z","level":"error","message":"Cannot populate path `investments` because it is not in your schema. Set the `strictPopulate` option to false to override.","method":"GET","service":"user-service","url":"/transactions"}
{"date":"2023-08-12T10:39:57.908Z","level":"error","message":"Cannot populate path `investments` because it is not in your schema. Set the `strictPopulate` option to false to override.","method":"GET","service":"user-service","url":"/transactions"}
{"date":"2023-08-12T10:39:58.454Z","level":"error","message":"Cannot populate path `investments` because it is not in your schema. Set the `strictPopulate` option to false to override.","method":"GET","service":"user-service","url":"/transactions"}
{"date":"2023-08-12T10:39:59.032Z","level":"error","message":"Cannot populate path `investments` because it is not in your schema. Set the `strictPopulate` option to false to override.","method":"GET","service":"user-service","url":"/transactions"}
{"date":"2023-08-12T10:40:36.411Z","level":"error","message":"Cannot read properties of undefined (reading 'map')","method":"GET","service":"user-service","url":"/transactions"}
{"date":"2023-08-12T10:40:37.532Z","level":"error","message":"Cannot read properties of undefined (reading 'map')","method":"GET","service":"user-service","url":"/transactions"}
{"date":"2023-08-12T10:40:38.760Z","level":"error","message":"Cannot read properties of undefined (reading 'map')","method":"GET","service":"user-service","url":"/transactions"}
{"date":"2023-08-12T10:40:39.848Z","level":"error","message":"Cannot read properties of undefined (reading 'map')","method":"GET","service":"user-service","url":"/transactions"}
{"date":"2023-08-12T10:42:04.298Z","level":"error","message":"icon is not defined","method":"POST","service":"user-service","url":"/webDetails/addUpdate"}
{"date":"2023-08-12T10:43:42.269Z","level":"error","message":"icon is not defined","method":"POST","service":"user-service","url":"/webDetails/addUpdate"}
{"date":"2023-08-12T10:44:07.505Z","level":"error","message":"icon is not defined","method":"POST","service":"user-service","url":"/webDetails/addUpdate"}
{"date":"2023-08-12T10:44:37.357Z","level":"error","message":"icon is not defined","method":"POST","service":"user-service","url":"/webDetails/addUpdate"}
{"date":"2023-08-12T10:52:37.516Z","level":"error","message":"No investments on this campaign found!","method":"GET","service":"user-service","url":"/releaseFunds/64c27f945246ff3e97005fb6"}
{"date":"2023-08-12T10:52:43.866Z","level":"error","message":"Invalid string: {:iban=>\"004\"}","method":"GET","service":"user-service","url":"/releaseFunds/64d2298299f4e9ddeaaa0cd2"}
{"date":"2023-08-12T11:11:21.693Z","level":"error","message":"Invalid credentials","method":"POST","service":"user-service","url":"/login"}
{"date":"2023-08-12T11:27:40.767Z","level":"error","message":"Cannot read properties of undefined (reading 'push')","method":"GET","service":"user-service","url":"/transactions"}
{"date":"2023-08-12T11:27:41.815Z","level":"error","message":"Cannot read properties of undefined (reading 'push')","method":"GET","service":"user-service","url":"/transactions"}
{"date":"2023-08-12T11:27:42.825Z","level":"error","message":"Cannot read properties of undefined (reading 'push')","method":"GET","service":"user-service","url":"/transactions"}
{"date":"2023-08-12T11:27:43.724Z","level":"error","message":"Cannot read properties of undefined (reading 'push')","method":"GET","service":"user-service","url":"/transactions"}
<<<<<<< Updated upstream
{"date":"2023-08-16T12:43:38.393Z","level":"error","message":"Invalid provider","method":"POST","service":"user-service","url":"/thirdPartyAuth"}
{"date":"2023-08-16T12:45:18.148Z","level":"error","message":"Invalid provider","method":"POST","service":"user-service","url":"/thirdPartyAuth"}
{"date":"2023-08-16T12:45:22.834Z","level":"error","message":"Invalid provider","method":"POST","service":"user-service","url":"/thirdPartyAuth"}
{"date":"2023-08-16T12:45:48.859Z","level":"error","message":"You are registered with local","method":"POST","service":"user-service","url":"/thirdPartyAuth"}
{"date":"2023-08-16T12:48:42.051Z","level":"error","message":"You are registered with local","method":"POST","service":"user-service","url":"/thirdPartyAuth"}
{"date":"2023-08-16T12:49:20.839Z","level":"error","message":"You are registered with local","method":"POST","service":"user-service","url":"/thirdPartyAuth"}
{"date":"2023-08-16T12:50:42.931Z","level":"error","message":"You are registered with local","method":"POST","service":"user-service","url":"/thirdPartyAuth"}
{"date":"2023-08-16T12:50:44.398Z","level":"error","message":"You are registered with local","method":"POST","service":"user-service","url":"/thirdPartyAuth"}
{"date":"2023-08-16T12:50:48.842Z","level":"error","message":"You are registered with local","method":"POST","service":"user-service","url":"/thirdPartyAuth"}
{"date":"2023-08-16T12:51:22.578Z","level":"error","message":"You are registered with local","method":"POST","service":"user-service","url":"/thirdPartyAuth"}
{"date":"2023-08-16T12:52:23.265Z","level":"error","message":"You are registered with local","method":"POST","service":"user-service","url":"/thirdPartyAuth"}
{"date":"2023-08-16T12:53:54.033Z","level":"error","message":"You are registered with local","method":"POST","service":"user-service","url":"/thirdPartyAuth"}
{"date":"2023-08-16T12:55:28.531Z","level":"error","message":"You are registered with local","method":"POST","service":"user-service","url":"/thirdPartyAuth"}
{"date":"2023-08-16T12:55:34.113Z","level":"error","message":"You are registered with local","method":"POST","service":"user-service","url":"/thirdPartyAuth"}
{"date":"2023-08-16T12:56:17.408Z","level":"error","message":"You are registered with local","method":"POST","service":"user-service","url":"/thirdPartyAuth"}
{"date":"2023-08-16T12:57:14.863Z","level":"error","message":"You are registered with local","method":"POST","service":"user-service","url":"/thirdPartyAuth"}
{"date":"2023-08-16T13:08:47.300Z","level":"error","message":"You are registered with local","method":"POST","service":"user-service","url":"/thirdPartyAuth"}
{"date":"2023-08-16T13:08:59.359Z","level":"error","message":"You are registered with local","method":"POST","service":"user-service","url":"/thirdPartyAuth"}
{"date":"2023-08-16T13:11:33.415Z","level":"error","message":"You are registered with local","method":"POST","service":"user-service","url":"/thirdPartyAuth"}
{"date":"2023-08-16T13:12:44.587Z","level":"error","message":"No investments on this campaign found!","method":"GET","service":"user-service","url":"/releaseFunds/64c282565246ff3e97005fd9"}
{"date":"2023-08-16T13:50:24.313Z","level":"error","message":"Could not connect to any servers in your MongoDB Atlas cluster. One common reason is that you're trying to access the database from an IP that isn't whitelisted. Make sure your current IP address is on your Atlas cluster's IP whitelist: https://docs.atlas.mongodb.com/security-whitelist/","method":"POST","service":"user-service","url":"/getAll"}
{"date":"2023-08-16T13:50:24.351Z","level":"error","message":"Could not connect to any servers in your MongoDB Atlas cluster. One common reason is that you're trying to access the database from an IP that isn't whitelisted. Make sure your current IP address is on your Atlas cluster's IP whitelist: https://docs.atlas.mongodb.com/security-whitelist/","method":"POST","service":"user-service","url":"/getAll"}
{"date":"2023-08-16T13:50:45.986Z","level":"error","message":"Could not connect to any servers in your MongoDB Atlas cluster. One common reason is that you're trying to access the database from an IP that isn't whitelisted. Make sure your current IP address is on your Atlas cluster's IP whitelist: https://docs.atlas.mongodb.com/security-whitelist/","method":"POST","service":"user-service","url":"/getAll"}
{"date":"2023-08-16T13:50:45.990Z","level":"error","message":"Could not connect to any servers in your MongoDB Atlas cluster. One common reason is that you're trying to access the database from an IP that isn't whitelisted. Make sure your current IP address is on your Atlas cluster's IP whitelist: https://docs.atlas.mongodb.com/security-whitelist/","method":"POST","service":"user-service","url":"/getAll"}
{"date":"2023-08-18T08:07:06.849Z","level":"error","message":"Invalid provider","method":"POST","service":"user-service","url":"/thirdPartyAuth"}
{"date":"2023-08-18T08:07:34.016Z","level":"error","message":"You are registered with local","method":"POST","service":"user-service","url":"/thirdPartyAuth"}
{"date":"2023-08-18T09:52:42.937Z","level":"error","message":"You are registered with local","method":"POST","service":"user-service","url":"/thirdPartyAuth"}
{"date":"2023-08-18T09:52:43.595Z","level":"error","message":"You are registered with local","method":"POST","service":"user-service","url":"/thirdPartyAuth"}
{"date":"2023-08-18T13:34:17.947Z","level":"error","message":"socialLinks is not defined","method":"POST","service":"user-service","url":"/webDetails/addUpdate"}
{"date":"2023-08-18T13:34:18.045Z","level":"error","message":"socialLinks is not defined","method":"POST","service":"user-service","url":"/webDetails/addUpdate"}
{"date":"2023-08-18T13:41:39.779Z","level":"error","message":"socialLinks is not defined","method":"POST","service":"user-service","url":"/webDetails/addUpdate"}
{"date":"2023-08-18T13:41:39.858Z","level":"error","message":"socialLinks is not defined","method":"POST","service":"user-service","url":"/webDetails/addUpdate"}
{"date":"2023-08-18T13:45:15.086Z","level":"error","message":"socialLinks is not defined","method":"POST","service":"user-service","url":"/webDetails/addUpdate"}
{"date":"2023-08-18T13:45:15.417Z","level":"error","message":"socialLinks is not defined","method":"POST","service":"user-service","url":"/webDetails/addUpdate"}
{"date":"2023-08-19T07:30:59.890Z","level":"error","message":"socialLinks is not defined","method":"POST","service":"user-service","url":"/webDetails/addUpdate"}
{"date":"2023-08-19T07:31:01.060Z","level":"error","message":"socialLinks is not defined","method":"POST","service":"user-service","url":"/webDetails/addUpdate"}
{"date":"2023-08-19T07:31:24.382Z","level":"error","message":"socialLinks is not defined","method":"POST","service":"user-service","url":"/webDetails/addUpdate"}
{"date":"2023-08-19T07:31:24.472Z","level":"error","message":"socialLinks is not defined","method":"POST","service":"user-service","url":"/webDetails/addUpdate"}
{"date":"2023-08-19T08:05:24.834Z","level":"error","message":"socialLinks is not defined","method":"POST","service":"user-service","url":"/webDetails/addUpdate"}
{"date":"2023-08-19T08:05:24.929Z","level":"error","message":"socialLinks is not defined","method":"POST","service":"user-service","url":"/webDetails/addUpdate"}
{"date":"2023-08-19T08:05:49.498Z","level":"error","message":"socialLinks is not defined","method":"POST","service":"user-service","url":"/webDetails/addUpdate"}
{"date":"2023-08-19T08:05:49.602Z","level":"error","message":"socialLinks is not defined","method":"POST","service":"user-service","url":"/webDetails/addUpdate"}
{"date":"2023-08-21T07:41:47.600Z","level":"error","message":"socialLinks is not defined","method":"POST","service":"user-service","url":"/webDetails/addUpdate"}
{"date":"2023-08-21T07:41:47.656Z","level":"error","message":"socialLinks is not defined","method":"POST","service":"user-service","url":"/webDetails/addUpdate"}
{"date":"2023-08-21T07:51:28.439Z","level":"error","message":"socialLinks is not defined","method":"POST","service":"user-service","url":"/webDetails/addUpdate"}
{"date":"2023-08-21T07:51:28.548Z","level":"error","message":"socialLinks is not defined","method":"POST","service":"user-service","url":"/webDetails/addUpdate"}
{"date":"2023-08-21T07:56:54.581Z","level":"error","message":"res.status is not a function","method":"POST","service":"user-service","url":"/webDetails/addUpdate"}
{"date":"2023-08-21T07:56:55.505Z","level":"error","message":"res.status is not a function","method":"POST","service":"user-service","url":"/webDetails/addUpdate"}
{"date":"2023-08-21T08:36:48.348Z","level":"error","message":"Error updating info!","method":"POST","service":"user-service","url":"/webDetails/addUpdate"}
{"date":"2023-08-21T12:13:07.781Z","level":"error","message":"You already have a live campaign","method":"POST","service":"user-service","url":"/create"}
{"date":"2023-08-21T12:38:33.664Z","level":"error","message":"Invalid credentials","method":"POST","service":"user-service","url":"/login"}
{"date":"2023-08-22T10:53:21.504Z","level":"error","message":"Operation `webdetails.findOne()` buffering timed out after 10000ms","method":"GET","service":"user-service","url":"/WeDetails/get"}
{"date":"2023-08-22T10:53:31.578Z","level":"error","message":"Operation `webdetails.findOne()` buffering timed out after 10000ms","method":"GET","service":"user-service","url":"/WeDetails/get"}
{"date":"2023-08-23T12:48:07.295Z","level":"error","message":"Cast to ObjectId failed for value \"undefined\" (type string) at path \"_id\" for model \"project\"","method":"GET","service":"user-service","url":"/get/undefined"}
{"date":"2023-08-23T13:09:48.615Z","level":"error","message":"Unexpected token o in JSON at position 1","method":"PUT","service":"user-service","url":"/update"}
{"date":"2023-08-23T14:09:51.258Z","level":"error","message":"No investments on this campaign found!","method":"GET","service":"user-service","url":"/releaseFunds/64c27f945246ff3e97005fb6"}
=======
=======
{"date":"2023-08-11T10:13:37.909Z","level":"error","message":"Cast to ObjectId failed for value \"undefined\" (type string) at path \"_id\" for model \"project\"","method":"GET","service":"user-service","url":"/get/undefined"}
{"date":"2023-08-11T10:13:37.922Z","level":"error","message":"Cast to ObjectId failed for value \"undefined\" (type string) at path \"_id\" for model \"project\"","method":"GET","service":"user-service","url":"/get/undefined"}
{"date":"2023-08-11T10:14:29.976Z","level":"error","message":"Cast to ObjectId failed for value \"undefined\" (type string) at path \"_id\" for model \"project\"","method":"GET","service":"user-service","url":"/get/undefined"}
{"date":"2023-08-11T10:14:29.988Z","level":"error","message":"Cast to ObjectId failed for value \"undefined\" (type string) at path \"_id\" for model \"project\"","method":"GET","service":"user-service","url":"/get/undefined"}
{"date":"2023-08-11T10:15:28.873Z","level":"error","message":"Cast to ObjectId failed for value \"undefined\" (type string) at path \"_id\" for model \"project\"","method":"GET","service":"user-service","url":"/get/undefined"}
{"date":"2023-08-11T10:15:28.889Z","level":"error","message":"Cast to ObjectId failed for value \"undefined\" (type string) at path \"_id\" for model \"project\"","method":"GET","service":"user-service","url":"/get/undefined"}
{"date":"2023-08-11T10:52:56.892Z","level":"error","message":"Cast to ObjectId failed for value \"undefined\" (type string) at path \"_id\" for model \"project\"","method":"GET","service":"user-service","url":"/get/undefined"}
{"date":"2023-08-11T10:52:56.898Z","level":"error","message":"Cast to ObjectId failed for value \"undefined\" (type string) at path \"_id\" for model \"project\"","method":"GET","service":"user-service","url":"/get/undefined"}
{"date":"2023-08-11T10:53:32.149Z","level":"error","message":"Cast to ObjectId failed for value \"undefined\" (type string) at path \"_id\" for model \"project\"","method":"GET","service":"user-service","url":"/get/undefined"}
{"date":"2023-08-11T10:53:32.373Z","level":"error","message":"Cast to ObjectId failed for value \"undefined\" (type string) at path \"_id\" for model \"project\"","method":"GET","service":"user-service","url":"/get/undefined"}
{"date":"2023-08-11T11:04:08.058Z","level":"error","message":"Campaign not found","method":"GET","service":"user-service","url":"/get/64bbaffe1e3ec1fad0008964"}
{"date":"2023-08-11T11:04:08.364Z","level":"error","message":"Campaign not found","method":"GET","service":"user-service","url":"/get/64bbaffe1e3ec1fad0008964"}
{"date":"2023-08-11T11:04:28.433Z","level":"error","message":"Campaign not found","method":"GET","service":"user-service","url":"/get/64d22aca99f4e9ddeaaa0ecc"}
{"date":"2023-08-11T11:04:29.269Z","level":"error","message":"Campaign not found","method":"GET","service":"user-service","url":"/get/64d22aca99f4e9ddeaaa0ecc"}
{"date":"2023-08-11T11:05:59.980Z","level":"error","message":"Campaign not found","method":"GET","service":"user-service","url":"/get/64d227b899f4e9ddeaaa0ca3"}
{"date":"2023-08-11T11:06:00.288Z","level":"error","message":"Campaign not found","method":"GET","service":"user-service","url":"/get/64d227b899f4e9ddeaaa0ca3"}
{"date":"2023-08-11T11:07:07.876Z","level":"error","message":"Campaign not found","method":"GET","service":"user-service","url":"/get/64d227b899f4e9ddeaaa0ca3"}
{"date":"2023-08-11T11:07:08.182Z","level":"error","message":"Campaign not found","method":"GET","service":"user-service","url":"/get/64d227b899f4e9ddeaaa0ca3"}
{"date":"2023-08-11T11:08:04.088Z","level":"error","message":"Campaign not found","method":"GET","service":"user-service","url":"/get/64d227b899f4e9ddeaaa0ca3"}
{"date":"2023-08-11T11:08:04.703Z","level":"error","message":"Campaign not found","method":"GET","service":"user-service","url":"/get/64d227b899f4e9ddeaaa0ca3"}
{"date":"2023-08-11T11:12:40.692Z","level":"error","message":"Campaign not found","method":"GET","service":"user-service","url":"/get/64bbaffe1e3ec1fad0008964"}
{"date":"2023-08-11T11:12:40.913Z","level":"error","message":"Campaign not found","method":"GET","service":"user-service","url":"/get/64bbaffe1e3ec1fad0008964"}
{"date":"2023-08-11T11:20:22.690Z","level":"error","message":"icon is not defined","method":"POST","service":"user-service","url":"/webDetails/addUpdate"}
{"date":"2023-08-11T11:32:41.616Z","level":"error","message":"Cast to ObjectId failed for value \"undefined\" (type string) at path \"_id\" for model \"project\"","method":"GET","service":"user-service","url":"/get/undefined"}
{"date":"2023-08-11T11:32:41.626Z","level":"error","message":"Cast to ObjectId failed for value \"undefined\" (type string) at path \"_id\" for model \"project\"","method":"GET","service":"user-service","url":"/get/undefined"}
{"date":"2023-08-11T11:50:14.670Z","level":"error","message":"Invalid $project :: caused by :: Unrecognized parameter to $map: addFields","method":"GET","service":"user-service","url":"/transactions"}
{"date":"2023-08-11T11:50:15.274Z","level":"error","message":"Invalid $project :: caused by :: Unrecognized parameter to $map: addFields","method":"GET","service":"user-service","url":"/transactions"}
{"date":"2023-08-11T11:50:15.892Z","level":"error","message":"Invalid $project :: caused by :: Unrecognized parameter to $map: addFields","method":"GET","service":"user-service","url":"/transactions"}
{"date":"2023-08-11T11:50:16.408Z","level":"error","message":"Invalid $project :: caused by :: Unrecognized parameter to $map: addFields","method":"GET","service":"user-service","url":"/transactions"}
{"date":"2023-08-11T11:53:15.171Z","level":"error","message":"Cast to ObjectId failed for value \"undefined\" (type string) at path \"_id\" for model \"project\"","method":"GET","service":"user-service","url":"/get/undefined"}
{"date":"2023-08-11T11:53:15.210Z","level":"error","message":"Cast to ObjectId failed for value \"undefined\" (type string) at path \"_id\" for model \"project\"","method":"GET","service":"user-service","url":"/get/undefined"}
{"date":"2023-08-11T11:55:44.089Z","level":"error","message":"Invalid $project :: caused by :: Unrecognized parameter to $map: addFields","method":"GET","service":"user-service","url":"/transactions"}
{"date":"2023-08-11T11:55:44.696Z","level":"error","message":"Invalid $project :: caused by :: Unrecognized parameter to $map: addFields","method":"GET","service":"user-service","url":"/transactions"}
{"date":"2023-08-11T11:55:45.314Z","level":"error","message":"Invalid $project :: caused by :: Unrecognized parameter to $map: addFields","method":"GET","service":"user-service","url":"/transactions"}
{"date":"2023-08-11T11:55:45.924Z","level":"error","message":"Invalid $project :: caused by :: Unrecognized parameter to $map: addFields","method":"GET","service":"user-service","url":"/transactions"}
{"date":"2023-08-11T13:27:31.263Z","level":"error","message":"Invalid credentials","method":"POST","service":"user-service","url":"/login"}
{"date":"2023-08-11T13:35:43.159Z","level":"error","message":"Invalid $project :: caused by :: Unrecognized parameter to $map: addFields","method":"GET","service":"user-service","url":"/transactions"}
{"date":"2023-08-11T13:35:43.604Z","level":"error","message":"Invalid $project :: caused by :: Unrecognized parameter to $map: addFields","method":"GET","service":"user-service","url":"/transactions"}
{"date":"2023-08-11T13:35:44.044Z","level":"error","message":"Invalid $project :: caused by :: Unrecognized parameter to $map: addFields","method":"GET","service":"user-service","url":"/transactions"}
{"date":"2023-08-11T13:35:44.551Z","level":"error","message":"Invalid $project :: caused by :: Unrecognized parameter to $map: addFields","method":"GET","service":"user-service","url":"/transactions"}
{"date":"2023-08-11T13:36:33.573Z","level":"error","message":"Invalid $project :: caused by :: Unrecognized parameter to $map: addFields","method":"GET","service":"user-service","url":"/transactions"}
{"date":"2023-08-11T13:36:34.036Z","level":"error","message":"Invalid $project :: caused by :: Unrecognized parameter to $map: addFields","method":"GET","service":"user-service","url":"/transactions"}
{"date":"2023-08-11T13:36:34.472Z","level":"error","message":"Invalid $project :: caused by :: Unrecognized parameter to $map: addFields","method":"GET","service":"user-service","url":"/transactions"}
{"date":"2023-08-11T13:36:34.953Z","level":"error","message":"Invalid $project :: caused by :: Unrecognized parameter to $map: addFields","method":"GET","service":"user-service","url":"/transactions"}
{"date":"2023-08-11T13:37:59.653Z","level":"error","message":"Invalid $project :: caused by :: Unrecognized parameter to $map: addFields","method":"GET","service":"user-service","url":"/transactions"}
{"date":"2023-08-11T13:38:00.089Z","level":"error","message":"Invalid $project :: caused by :: Unrecognized parameter to $map: addFields","method":"GET","service":"user-service","url":"/transactions"}
{"date":"2023-08-11T13:38:00.525Z","level":"error","message":"Invalid $project :: caused by :: Unrecognized parameter to $map: addFields","method":"GET","service":"user-service","url":"/transactions"}
{"date":"2023-08-11T13:38:00.975Z","level":"error","message":"Invalid $project :: caused by :: Unrecognized parameter to $map: addFields","method":"GET","service":"user-service","url":"/transactions"}
{"date":"2023-08-11T14:37:46.685Z","level":"error","message":"Invalid $project :: caused by :: Unrecognized parameter to $map: addFields","method":"GET","service":"user-service","url":"/transactions"}
{"date":"2023-08-11T14:37:47.223Z","level":"error","message":"Invalid $project :: caused by :: Unrecognized parameter to $map: addFields","method":"GET","service":"user-service","url":"/transactions"}
{"date":"2023-08-11T14:37:47.838Z","level":"error","message":"Invalid $project :: caused by :: Unrecognized parameter to $map: addFields","method":"GET","service":"user-service","url":"/transactions"}
{"date":"2023-08-11T14:37:48.429Z","level":"error","message":"Invalid $project :: caused by :: Unrecognized parameter to $map: addFields","method":"GET","service":"user-service","url":"/transactions"}
{"date":"2023-08-11T14:38:03.377Z","level":"error","message":"Invalid $project :: caused by :: Unrecognized parameter to $map: addFields","method":"GET","service":"user-service","url":"/transactions"}
{"date":"2023-08-11T14:38:03.861Z","level":"error","message":"Invalid $project :: caused by :: Unrecognized parameter to $map: addFields","method":"GET","service":"user-service","url":"/transactions"}
{"date":"2023-08-11T14:38:04.392Z","level":"error","message":"Invalid $project :: caused by :: Unrecognized parameter to $map: addFields","method":"GET","service":"user-service","url":"/transactions"}
{"date":"2023-08-11T14:38:04.840Z","level":"error","message":"Invalid $project :: caused by :: Unrecognized parameter to $map: addFields","method":"GET","service":"user-service","url":"/transactions"}
{"date":"2023-08-11T15:01:48.582Z","level":"error","message":"Invalid $project :: caused by :: Unrecognized parameter to $map: addFields","method":"GET","service":"user-service","url":"/transactions"}
{"date":"2023-08-11T15:01:49.070Z","level":"error","message":"Invalid $project :: caused by :: Unrecognized parameter to $map: addFields","method":"GET","service":"user-service","url":"/transactions"}
{"date":"2023-08-11T15:01:49.513Z","level":"error","message":"Invalid $project :: caused by :: Unrecognized parameter to $map: addFields","method":"GET","service":"user-service","url":"/transactions"}
{"date":"2023-08-11T15:01:49.991Z","level":"error","message":"Invalid $project :: caused by :: Unrecognized parameter to $map: addFields","method":"GET","service":"user-service","url":"/transactions"}
{"date":"2023-08-12T08:27:16.852Z","level":"error","message":"Cast to ObjectId failed for value \"undefined\" (type string) at path \"_id\" for model \"project\"","method":"GET","service":"user-service","url":"/releaseFunds/undefined"}
{"date":"2023-08-12T08:29:47.074Z","level":"error","message":"Cast to ObjectId failed for value \"undefined\" (type string) at path \"_id\" for model \"project\"","method":"GET","service":"user-service","url":"/releaseFunds/undefined"}
{"date":"2023-08-12T08:29:50.967Z","level":"error","message":"Cast to ObjectId failed for value \"undefined\" (type string) at path \"_id\" for model \"project\"","method":"GET","service":"user-service","url":"/releaseFunds/undefined"}
{"date":"2023-08-12T08:30:16.466Z","level":"error","message":"Cast to ObjectId failed for value \"undefined\" (type string) at path \"_id\" for model \"project\"","method":"GET","service":"user-service","url":"/releaseFunds/undefined"}
{"date":"2023-08-12T08:33:10.247Z","level":"error","message":"Cast to ObjectId failed for value \"undefined\" (type string) at path \"_id\" for model \"project\"","method":"GET","service":"user-service","url":"/releaseFunds/undefined"}
{"date":"2023-08-12T08:33:44.961Z","level":"error","message":"Cast to ObjectId failed for value \"undefined\" (type string) at path \"_id\" for model \"project\"","method":"GET","service":"user-service","url":"/releaseFunds/undefined"}
{"date":"2023-08-15T07:37:00.525Z","level":"error","message":"icon is not defined","method":"POST","service":"user-service","url":"/webDetails/addUpdate"}
>>>>>>> Stashed changes
>>>>>>> Stashed changes
{"date":"2023-08-26T11:26:18.984Z","level":"error","message":"Invalid credentials","method":"POST","service":"user-service","url":"/login"}
{"date":"2023-08-28T07:35:11.884Z","level":"error","message":"Cast to ObjectId failed for value \"undefined\" (type string) at path \"_id\" for model \"project\"","method":"GET","service":"user-service","url":"/get/undefined"}
{"date":"2023-08-28T07:35:12.063Z","level":"error","message":"Cast to ObjectId failed for value \"undefined\" (type string) at path \"_id\" for model \"project\"","method":"GET","service":"user-service","url":"/get/undefined"}
{"date":"2023-08-28T07:57:32.893Z","level":"error","message":"campaigns is not defined","method":"GET","service":"user-service","url":"/get/6499755aa7b8bc432c022f15"}
{"date":"2023-08-28T07:57:33.502Z","level":"error","message":"campaigns is not defined","method":"GET","service":"user-service","url":"/get/6499755aa7b8bc432c022f15"}
{"date":"2023-08-28T07:58:05.856Z","level":"error","message":"campaign.map is not a function","method":"GET","service":"user-service","url":"/get/6499755aa7b8bc432c022f15"}
{"date":"2023-08-28T07:58:06.497Z","level":"error","message":"campaign.map is not a function","method":"GET","service":"user-service","url":"/get/6499755aa7b8bc432c022f15"}
{"date":"2023-08-28T07:59:04.664Z","level":"error","message":"campaign.map is not a function","method":"GET","service":"user-service","url":"/get/64b25aed383f2c34b1bbc77d"}
{"date":"2023-08-28T07:59:05.264Z","level":"error","message":"campaign.map is not a function","method":"GET","service":"user-service","url":"/get/64b25aed383f2c34b1bbc77d"}
{"date":"2023-08-28T09:40:36.902Z","level":"error","message":"No investments on this campaign found!","method":"GET","service":"user-service","url":"/releaseFunds/64c282565246ff3e97005fd9"}
{"date":"2023-08-28T09:40:41.760Z","level":"error","message":"No investments on this campaign found!","method":"GET","service":"user-service","url":"/releaseFunds/64c282565246ff3e97005fd9"}
{"date":"2023-08-28T11:55:00.576Z","level":"error","message":"Regular expression is invalid: \\ at end of pattern","method":"POST","service":"user-service","url":"/getAll"}
{"date":"2023-08-29T14:37:11.478Z","level":"error","message":"You are registered with local","method":"POST","service":"user-service","url":"/thirdPartyAuth"}
{"date":"2023-08-29T14:37:12.212Z","level":"error","message":"You are registered with local","method":"POST","service":"user-service","url":"/thirdPartyAuth"}
{"date":"2023-08-30T09:49:17.098Z","level":"error","message":"Invalid credentials","method":"POST","service":"user-service","url":"/login"}
{"date":"2023-08-30T14:54:31.281Z","level":"error","message":"The provided authorization grant is invalid, expired, or revoked","method":"POST","service":"user-service","url":"/requestEmailToken"}
{"date":"2023-08-30T14:54:31.286Z","level":"error","message":"The provided authorization grant is invalid, expired, or revoked","method":"POST","service":"user-service","url":"/requestEmailToken"}
{"date":"2023-08-30T14:55:53.095Z","level":"error","message":"The provided authorization grant is invalid, expired, or revoked","method":"POST","service":"user-service","url":"/requestEmailToken"}
{"date":"2023-08-30T14:55:53.157Z","level":"error","message":"The provided authorization grant is invalid, expired, or revoked","method":"POST","service":"user-service","url":"/requestEmailToken"}
{"date":"2023-08-30T14:59:05.690Z","level":"error","message":"No profile found. Complete your profile!","method":"GET","service":"user-service","url":"/"}
{"date":"2023-08-30T14:59:06.118Z","level":"error","message":"No profile found. Complete your profile!","method":"GET","service":"user-service","url":"/"}
{"date":"2023-08-30T15:00:21.028Z","level":"error","message":"No profile found. Complete your profile!","method":"GET","service":"user-service","url":"/"}
{"date":"2023-08-30T15:01:05.282Z","level":"error","message":"No profile found. Complete your profile!","method":"GET","service":"user-service","url":"/"}
{"date":"2023-08-30T15:01:05.802Z","level":"error","message":"No profile found. Complete your profile!","method":"GET","service":"user-service","url":"/"}
{"date":"2023-08-30T15:02:38.476Z","level":"error","message":"Profile already exists. Update instead of creating new","method":"POST","service":"user-service","url":"/completeCreatorProfile"}
{"date":"2023-08-30T15:08:40.157Z","level":"error","message":"The provided authorization grant is invalid, expired, or revoked","method":"POST","service":"user-service","url":"/requestEmailToken"}
{"date":"2023-08-30T15:08:41.491Z","level":"error","message":"The provided authorization grant is invalid, expired, or revoked","method":"POST","service":"user-service","url":"/requestEmailToken"}
{"date":"2023-08-30T15:09:04.838Z","level":"error","message":"Invalid token","method":"POST","service":"user-service","url":"/verifyEmail"}
{"date":"2023-08-30T15:09:21.344Z","level":"error","message":"Invalid token","method":"POST","service":"user-service","url":"/verifyEmail"}
{"date":"2023-08-30T15:09:23.285Z","level":"error","message":"Invalid token","method":"POST","service":"user-service","url":"/verifyEmail"}
{"date":"2023-08-30T15:10:06.687Z","level":"error","message":"Invalid token","method":"POST","service":"user-service","url":"/verifyEmail"}
{"date":"2023-08-30T15:10:08.106Z","level":"error","message":"Invalid token","method":"POST","service":"user-service","url":"/verifyEmail"}
{"date":"2023-08-30T15:10:23.807Z","level":"error","message":"Invalid token","method":"POST","service":"user-service","url":"/verifyEmail"}
{"date":"2023-08-30T15:10:46.227Z","level":"error","message":"No profile found. Complete your profile!","method":"GET","service":"user-service","url":"/"}
{"date":"2023-08-30T15:10:46.696Z","level":"error","message":"No profile found. Complete your profile!","method":"GET","service":"user-service","url":"/"}
{"date":"2023-08-30T15:11:29.431Z","level":"error","message":"No profile found. Complete your profile!","method":"GET","service":"user-service","url":"/"}
{"date":"2023-08-30T15:11:29.940Z","level":"error","message":"No profile found. Complete your profile!","method":"GET","service":"user-service","url":"/"}
{"date":"2023-08-30T15:25:36.184Z","level":"error","message":"project validation failed: duration.0: Cast to [date] failed for value \"[ '2023-08-30 to 2023-09-29' ]\" (type string) at path \"duration.0\" because of \"CastError\"","method":"POST","service":"user-service","url":"/create"}
